D:\ADIEL\ECUADOR\INVESTIGACION\OPENCV\FRAMEWORK2\OPENCV3\OPENCV3\DEBUG\OPENCV3.PCH
D:\ADIEL\ECUADOR\INVESTIGACION\OPENCV\FRAMEWORK2\OPENCV3\OPENCV3\DEBUG\STDAFX.OBJ
D:\ADIEL\ECUADOR\INVESTIGACION\OPENCV\FRAMEWORK2\OPENCV3\OPENCV3\DEBUG\VC110.PDB
D:\ADIEL\ECUADOR\INVESTIGACION\OPENCV\FRAMEWORK2\OPENCV3\OPENCV3\DEBUG\OPENCV3.OBJ
D:\ADIEL\ECUADOR\INVESTIGACION\OPENCV\FRAMEWORK2\OPENCV3\OPENCV3\DEBUG\ASSEMBLYINFO.OBJ
D:\ADIEL\ECUADOR\INVESTIGACION\OPENCV\FRAMEWORK2\OPENCV3\OPENCV3\DEBUG\.NETFRAMEWORK,VERSION=V4.5.ASSEMBLYATTRIBUTES.OBJ
D:\ADIEL\ECUADOR\INVESTIGACION\OPENCV\FRAMEWORK2\OPENCV3\OPENCV3\DEBUG\PROVIDER1.OBJ
D:\ADIEL\ECUADOR\INVESTIGACION\OPENCV\FRAMEWORK2\OPENCV3\DEBUG\OPENCV3.ILK
D:\ADIEL\ECUADOR\INVESTIGACION\OPENCV\FRAMEWORK2\OPENCV3\DEBUG\OPENCV3.EXE
D:\ADIEL\ECUADOR\INVESTIGACION\OPENCV\FRAMEWORK2\OPENCV3\DEBUG\OPENCV3.PDB
D:\ADIEL\ECUADOR\INVESTIGACION\OPENCV\FRAMEWORK2\OPENCV3\OPENCV3\DEBUG\APP.RES
D:\Adiel\ECUADOR\INVESTIGACION\OPENCV\FRAMEWORK2\OPENCV3\OPENCV3\Debug\OPENCV3.vcxprojResolveAssemblyReference.cache
D:\Adiel\ECUADOR\INVESTIGACION\OPENCV\FRAMEWORK2\OPENCV3\OPENCV3\Debug\.NETFramework,Version=v4.5.AssemblyAttributes.obj
D:\Adiel\ECUADOR\INVESTIGACION\OPENCV\FRAMEWORK2\OPENCV3\OPENCV3\Debug\AssemblyInfo.obj
D:\Adiel\ECUADOR\INVESTIGACION\OPENCV\FRAMEWORK2\OPENCV3\OPENCV3\Debug\OPENCV3.obj
D:\Adiel\ECUADOR\INVESTIGACION\OPENCV\FRAMEWORK2\OPENCV3\OPENCV3\Debug\Provider1.obj
D:\Adiel\ECUADOR\INVESTIGACION\OPENCV\FRAMEWORK2\OPENCV3\OPENCV3\Debug\stdafx.obj
D:\Adiel\ECUADOR\INVESTIGACION\OPENCV\FRAMEWORK2\OPENCV3\OPENCV3\Debug\cl.command.1.tlog
D:\Adiel\ECUADOR\INVESTIGACION\OPENCV\FRAMEWORK2\OPENCV3\OPENCV3\Debug\CL.read.1.tlog
D:\Adiel\ECUADOR\INVESTIGACION\OPENCV\FRAMEWORK2\OPENCV3\OPENCV3\Debug\CL.write.1.tlog
D:\Adiel\ECUADOR\INVESTIGACION\OPENCV\FRAMEWORK2\OPENCV3\OPENCV3\Debug\link.1832-cvtres.read.1.tlog
D:\Adiel\ECUADOR\INVESTIGACION\OPENCV\FRAMEWORK2\OPENCV3\OPENCV3\Debug\link.1832-cvtres.write.1.tlog
D:\Adiel\ECUADOR\INVESTIGACION\OPENCV\FRAMEWORK2\OPENCV3\OPENCV3\Debug\link.1832-rc.read.1.tlog
D:\Adiel\ECUADOR\INVESTIGACION\OPENCV\FRAMEWORK2\OPENCV3\OPENCV3\Debug\link.1832-rc.write.1.tlog
D:\Adiel\ECUADOR\INVESTIGACION\OPENCV\FRAMEWORK2\OPENCV3\OPENCV3\Debug\link.1832.read.1.tlog
D:\Adiel\ECUADOR\INVESTIGACION\OPENCV\FRAMEWORK2\OPENCV3\OPENCV3\Debug\link.1832.write.1.tlog
D:\Adiel\ECUADOR\INVESTIGACION\OPENCV\FRAMEWORK2\OPENCV3\OPENCV3\Debug\link.1888-cvtres.read.1.tlog
D:\Adiel\ECUADOR\INVESTIGACION\OPENCV\FRAMEWORK2\OPENCV3\OPENCV3\Debug\link.1888-cvtres.write.1.tlog
D:\Adiel\ECUADOR\INVESTIGACION\OPENCV\FRAMEWORK2\OPENCV3\OPENCV3\Debug\link.1888-rc.read.1.tlog
D:\Adiel\ECUADOR\INVESTIGACION\OPENCV\FRAMEWORK2\OPENCV3\OPENCV3\Debug\link.1888-rc.write.1.tlog
D:\Adiel\ECUADOR\INVESTIGACION\OPENCV\FRAMEWORK2\OPENCV3\OPENCV3\Debug\link.1888.read.1.tlog
D:\Adiel\ECUADOR\INVESTIGACION\OPENCV\FRAMEWORK2\OPENCV3\OPENCV3\Debug\link.1888.write.1.tlog
D:\Adiel\ECUADOR\INVESTIGACION\OPENCV\FRAMEWORK2\OPENCV3\OPENCV3\Debug\link.2040-cvtres.read.1.tlog
D:\Adiel\ECUADOR\INVESTIGACION\OPENCV\FRAMEWORK2\OPENCV3\OPENCV3\Debug\link.2040-cvtres.write.1.tlog
D:\Adiel\ECUADOR\INVESTIGACION\OPENCV\FRAMEWORK2\OPENCV3\OPENCV3\Debug\link.2040-rc.read.1.tlog
D:\Adiel\ECUADOR\INVESTIGACION\OPENCV\FRAMEWORK2\OPENCV3\OPENCV3\Debug\link.2040-rc.write.1.tlog
D:\Adiel\ECUADOR\INVESTIGACION\OPENCV\FRAMEWORK2\OPENCV3\OPENCV3\Debug\link.2040.read.1.tlog
D:\Adiel\ECUADOR\INVESTIGACION\OPENCV\FRAMEWORK2\OPENCV3\OPENCV3\Debug\link.2040.write.1.tlog
D:\Adiel\ECUADOR\INVESTIGACION\OPENCV\FRAMEWORK2\OPENCV3\OPENCV3\Debug\link.3048-cvtres.read.1.tlog
D:\Adiel\ECUADOR\INVESTIGACION\OPENCV\FRAMEWORK2\OPENCV3\OPENCV3\Debug\link.3048-cvtres.write.1.tlog
D:\Adiel\ECUADOR\INVESTIGACION\OPENCV\FRAMEWORK2\OPENCV3\OPENCV3\Debug\link.3048-rc.read.1.tlog
D:\Adiel\ECUADOR\INVESTIGACION\OPENCV\FRAMEWORK2\OPENCV3\OPENCV3\Debug\link.3048-rc.write.1.tlog
D:\Adiel\ECUADOR\INVESTIGACION\OPENCV\FRAMEWORK2\OPENCV3\OPENCV3\Debug\link.3048.read.1.tlog
D:\Adiel\ECUADOR\INVESTIGACION\OPENCV\FRAMEWORK2\OPENCV3\OPENCV3\Debug\link.3048.write.1.tlog
D:\Adiel\ECUADOR\INVESTIGACION\OPENCV\FRAMEWORK2\OPENCV3\OPENCV3\Debug\link.3184-cvtres.read.1.tlog
D:\Adiel\ECUADOR\INVESTIGACION\OPENCV\FRAMEWORK2\OPENCV3\OPENCV3\Debug\link.3184-cvtres.write.1.tlog
D:\Adiel\ECUADOR\INVESTIGACION\OPENCV\FRAMEWORK2\OPENCV3\OPENCV3\Debug\link.3184-rc.read.1.tlog
D:\Adiel\ECUADOR\INVESTIGACION\OPENCV\FRAMEWORK2\OPENCV3\OPENCV3\Debug\link.3184-rc.write.1.tlog
D:\Adiel\ECUADOR\INVESTIGACION\OPENCV\FRAMEWORK2\OPENCV3\OPENCV3\Debug\link.3184.read.1.tlog
D:\Adiel\ECUADOR\INVESTIGACION\OPENCV\FRAMEWORK2\OPENCV3\OPENCV3\Debug\link.3184.write.1.tlog
D:\Adiel\ECUADOR\INVESTIGACION\OPENCV\FRAMEWORK2\OPENCV3\OPENCV3\Debug\link.3236-cvtres.read.1.tlog
D:\Adiel\ECUADOR\INVESTIGACION\OPENCV\FRAMEWORK2\OPENCV3\OPENCV3\Debug\link.3236-cvtres.write.1.tlog
D:\Adiel\ECUADOR\INVESTIGACION\OPENCV\FRAMEWORK2\OPENCV3\OPENCV3\Debug\link.3236-rc.read.1.tlog
D:\Adiel\ECUADOR\INVESTIGACION\OPENCV\FRAMEWORK2\OPENCV3\OPENCV3\Debug\link.3236-rc.write.1.tlog
D:\Adiel\ECUADOR\INVESTIGACION\OPENCV\FRAMEWORK2\OPENCV3\OPENCV3\Debug\link.3236.read.1.tlog
D:\Adiel\ECUADOR\INVESTIGACION\OPENCV\FRAMEWORK2\OPENCV3\OPENCV3\Debug\link.3236.write.1.tlog
D:\Adiel\ECUADOR\INVESTIGACION\OPENCV\FRAMEWORK2\OPENCV3\OPENCV3\Debug\link.3372-cvtres.read.1.tlog
D:\Adiel\ECUADOR\INVESTIGACION\OPENCV\FRAMEWORK2\OPENCV3\OPENCV3\Debug\link.3372-cvtres.write.1.tlog
D:\Adiel\ECUADOR\INVESTIGACION\OPENCV\FRAMEWORK2\OPENCV3\OPENCV3\Debug\link.3372-rc.read.1.tlog
D:\Adiel\ECUADOR\INVESTIGACION\OPENCV\FRAMEWORK2\OPENCV3\OPENCV3\Debug\link.3372-rc.write.1.tlog
D:\Adiel\ECUADOR\INVESTIGACION\OPENCV\FRAMEWORK2\OPENCV3\OPENCV3\Debug\link.3372.read.1.tlog
D:\Adiel\ECUADOR\INVESTIGACION\OPENCV\FRAMEWORK2\OPENCV3\OPENCV3\Debug\link.3372.write.1.tlog
D:\Adiel\ECUADOR\INVESTIGACION\OPENCV\FRAMEWORK2\OPENCV3\OPENCV3\Debug\link.344-cvtres.read.1.tlog
D:\Adiel\ECUADOR\INVESTIGACION\OPENCV\FRAMEWORK2\OPENCV3\OPENCV3\Debug\link.344-cvtres.write.1.tlog
D:\Adiel\ECUADOR\INVESTIGACION\OPENCV\FRAMEWORK2\OPENCV3\OPENCV3\Debug\link.344-rc.read.1.tlog
D:\Adiel\ECUADOR\INVESTIGACION\OPENCV\FRAMEWORK2\OPENCV3\OPENCV3\Debug\link.344-rc.write.1.tlog
D:\Adiel\ECUADOR\INVESTIGACION\OPENCV\FRAMEWORK2\OPENCV3\OPENCV3\Debug\link.344.read.1.tlog
D:\Adiel\ECUADOR\INVESTIGACION\OPENCV\FRAMEWORK2\OPENCV3\OPENCV3\Debug\link.344.write.1.tlog
D:\Adiel\ECUADOR\INVESTIGACION\OPENCV\FRAMEWORK2\OPENCV3\OPENCV3\Debug\link.3944-cvtres.read.1.tlog
D:\Adiel\ECUADOR\INVESTIGACION\OPENCV\FRAMEWORK2\OPENCV3\OPENCV3\Debug\link.3944-cvtres.write.1.tlog
D:\Adiel\ECUADOR\INVESTIGACION\OPENCV\FRAMEWORK2\OPENCV3\OPENCV3\Debug\link.3944-rc.read.1.tlog
D:\Adiel\ECUADOR\INVESTIGACION\OPENCV\FRAMEWORK2\OPENCV3\OPENCV3\Debug\link.3944-rc.write.1.tlog
D:\Adiel\ECUADOR\INVESTIGACION\OPENCV\FRAMEWORK2\OPENCV3\OPENCV3\Debug\link.3944.read.1.tlog
D:\Adiel\ECUADOR\INVESTIGACION\OPENCV\FRAMEWORK2\OPENCV3\OPENCV3\Debug\link.3944.write.1.tlog
D:\Adiel\ECUADOR\INVESTIGACION\OPENCV\FRAMEWORK2\OPENCV3\OPENCV3\Debug\link.3948-cvtres.read.1.tlog
D:\Adiel\ECUADOR\INVESTIGACION\OPENCV\FRAMEWORK2\OPENCV3\OPENCV3\Debug\link.3948-cvtres.write.1.tlog
D:\Adiel\ECUADOR\INVESTIGACION\OPENCV\FRAMEWORK2\OPENCV3\OPENCV3\Debug\link.3948-rc.read.1.tlog
D:\Adiel\ECUADOR\INVESTIGACION\OPENCV\FRAMEWORK2\OPENCV3\OPENCV3\Debug\link.3948-rc.write.1.tlog
D:\Adiel\ECUADOR\INVESTIGACION\OPENCV\FRAMEWORK2\OPENCV3\OPENCV3\Debug\link.3948.read.1.tlog
D:\Adiel\ECUADOR\INVESTIGACION\OPENCV\FRAMEWORK2\OPENCV3\OPENCV3\Debug\link.3948.write.1.tlog
D:\Adiel\ECUADOR\INVESTIGACION\OPENCV\FRAMEWORK2\OPENCV3\OPENCV3\Debug\link.4008-cvtres.read.1.tlog
D:\Adiel\ECUADOR\INVESTIGACION\OPENCV\FRAMEWORK2\OPENCV3\OPENCV3\Debug\link.4008-cvtres.write.1.tlog
D:\Adiel\ECUADOR\INVESTIGACION\OPENCV\FRAMEWORK2\OPENCV3\OPENCV3\Debug\link.4008-rc.read.1.tlog
D:\Adiel\ECUADOR\INVESTIGACION\OPENCV\FRAMEWORK2\OPENCV3\OPENCV3\Debug\link.4008-rc.write.1.tlog
D:\Adiel\ECUADOR\INVESTIGACION\OPENCV\FRAMEWORK2\OPENCV3\OPENCV3\Debug\link.4008.read.1.tlog
D:\Adiel\ECUADOR\INVESTIGACION\OPENCV\FRAMEWORK2\OPENCV3\OPENCV3\Debug\link.4008.write.1.tlog
D:\Adiel\ECUADOR\INVESTIGACION\OPENCV\FRAMEWORK2\OPENCV3\OPENCV3\Debug\link.4056-cvtres.read.1.tlog
D:\Adiel\ECUADOR\INVESTIGACION\OPENCV\FRAMEWORK2\OPENCV3\OPENCV3\Debug\link.4056-cvtres.write.1.tlog
D:\Adiel\ECUADOR\INVESTIGACION\OPENCV\FRAMEWORK2\OPENCV3\OPENCV3\Debug\link.4056-rc.read.1.tlog
D:\Adiel\ECUADOR\INVESTIGACION\OPENCV\FRAMEWORK2\OPENCV3\OPENCV3\Debug\link.4056-rc.write.1.tlog
D:\Adiel\ECUADOR\INVESTIGACION\OPENCV\FRAMEWORK2\OPENCV3\OPENCV3\Debug\link.4056.read.1.tlog
D:\Adiel\ECUADOR\INVESTIGACION\OPENCV\FRAMEWORK2\OPENCV3\OPENCV3\Debug\link.4056.write.1.tlog
D:\Adiel\ECUADOR\INVESTIGACION\OPENCV\FRAMEWORK2\OPENCV3\OPENCV3\Debug\link.4204-cvtres.read.1.tlog
D:\Adiel\ECUADOR\INVESTIGACION\OPENCV\FRAMEWORK2\OPENCV3\OPENCV3\Debug\link.4204-cvtres.write.1.tlog
D:\Adiel\ECUADOR\INVESTIGACION\OPENCV\FRAMEWORK2\OPENCV3\OPENCV3\Debug\link.4204-rc.read.1.tlog
D:\Adiel\ECUADOR\INVESTIGACION\OPENCV\FRAMEWORK2\OPENCV3\OPENCV3\Debug\link.4204-rc.write.1.tlog
D:\Adiel\ECUADOR\INVESTIGACION\OPENCV\FRAMEWORK2\OPENCV3\OPENCV3\Debug\link.4204.read.1.tlog
D:\Adiel\ECUADOR\INVESTIGACION\OPENCV\FRAMEWORK2\OPENCV3\OPENCV3\Debug\link.4204.write.1.tlog
D:\Adiel\ECUADOR\INVESTIGACION\OPENCV\FRAMEWORK2\OPENCV3\OPENCV3\Debug\link.4416-cvtres.read.1.tlog
D:\Adiel\ECUADOR\INVESTIGACION\OPENCV\FRAMEWORK2\OPENCV3\OPENCV3\Debug\link.4416-cvtres.write.1.tlog
D:\Adiel\ECUADOR\INVESTIGACION\OPENCV\FRAMEWORK2\OPENCV3\OPENCV3\Debug\link.4416-rc.read.1.tlog
D:\Adiel\ECUADOR\INVESTIGACION\OPENCV\FRAMEWORK2\OPENCV3\OPENCV3\Debug\link.4416-rc.write.1.tlog
D:\Adiel\ECUADOR\INVESTIGACION\OPENCV\FRAMEWORK2\OPENCV3\OPENCV3\Debug\link.4416.read.1.tlog
D:\Adiel\ECUADOR\INVESTIGACION\OPENCV\FRAMEWORK2\OPENCV3\OPENCV3\Debug\link.4416.write.1.tlog
D:\Adiel\ECUADOR\INVESTIGACION\OPENCV\FRAMEWORK2\OPENCV3\OPENCV3\Debug\link.4428-cvtres.read.1.tlog
D:\Adiel\ECUADOR\INVESTIGACION\OPENCV\FRAMEWORK2\OPENCV3\OPENCV3\Debug\link.4428-cvtres.write.1.tlog
D:\Adiel\ECUADOR\INVESTIGACION\OPENCV\FRAMEWORK2\OPENCV3\OPENCV3\Debug\link.4428-rc.read.1.tlog
D:\Adiel\ECUADOR\INVESTIGACION\OPENCV\FRAMEWORK2\OPENCV3\OPENCV3\Debug\link.4428-rc.write.1.tlog
D:\Adiel\ECUADOR\INVESTIGACION\OPENCV\FRAMEWORK2\OPENCV3\OPENCV3\Debug\link.4428.read.1.tlog
D:\Adiel\ECUADOR\INVESTIGACION\OPENCV\FRAMEWORK2\OPENCV3\OPENCV3\Debug\link.4428.write.1.tlog
D:\Adiel\ECUADOR\INVESTIGACION\OPENCV\FRAMEWORK2\OPENCV3\OPENCV3\Debug\link.4632-cvtres.read.1.tlog
D:\Adiel\ECUADOR\INVESTIGACION\OPENCV\FRAMEWORK2\OPENCV3\OPENCV3\Debug\link.4632-cvtres.write.1.tlog
D:\Adiel\ECUADOR\INVESTIGACION\OPENCV\FRAMEWORK2\OPENCV3\OPENCV3\Debug\link.4632-rc.read.1.tlog
D:\Adiel\ECUADOR\INVESTIGACION\OPENCV\FRAMEWORK2\OPENCV3\OPENCV3\Debug\link.4632-rc.write.1.tlog
D:\Adiel\ECUADOR\INVESTIGACION\OPENCV\FRAMEWORK2\OPENCV3\OPENCV3\Debug\link.4632.read.1.tlog
D:\Adiel\ECUADOR\INVESTIGACION\OPENCV\FRAMEWORK2\OPENCV3\OPENCV3\Debug\link.4632.write.1.tlog
D:\Adiel\ECUADOR\INVESTIGACION\OPENCV\FRAMEWORK2\OPENCV3\OPENCV3\Debug\link.4704-cvtres.read.1.tlog
D:\Adiel\ECUADOR\INVESTIGACION\OPENCV\FRAMEWORK2\OPENCV3\OPENCV3\Debug\link.4704-cvtres.write.1.tlog
D:\Adiel\ECUADOR\INVESTIGACION\OPENCV\FRAMEWORK2\OPENCV3\OPENCV3\Debug\link.4704-rc.read.1.tlog
D:\Adiel\ECUADOR\INVESTIGACION\OPENCV\FRAMEWORK2\OPENCV3\OPENCV3\Debug\link.4704-rc.write.1.tlog
D:\Adiel\ECUADOR\INVESTIGACION\OPENCV\FRAMEWORK2\OPENCV3\OPENCV3\Debug\link.4704.read.1.tlog
D:\Adiel\ECUADOR\INVESTIGACION\OPENCV\FRAMEWORK2\OPENCV3\OPENCV3\Debug\link.4704.write.1.tlog
D:\Adiel\ECUADOR\INVESTIGACION\OPENCV\FRAMEWORK2\OPENCV3\OPENCV3\Debug\link.4784-cvtres.read.1.tlog
D:\Adiel\ECUADOR\INVESTIGACION\OPENCV\FRAMEWORK2\OPENCV3\OPENCV3\Debug\link.4784-cvtres.write.1.tlog
D:\Adiel\ECUADOR\INVESTIGACION\OPENCV\FRAMEWORK2\OPENCV3\OPENCV3\Debug\link.4784-rc.read.1.tlog
D:\Adiel\ECUADOR\INVESTIGACION\OPENCV\FRAMEWORK2\OPENCV3\OPENCV3\Debug\link.4784-rc.write.1.tlog
D:\Adiel\ECUADOR\INVESTIGACION\OPENCV\FRAMEWORK2\OPENCV3\OPENCV3\Debug\link.4784.read.1.tlog
D:\Adiel\ECUADOR\INVESTIGACION\OPENCV\FRAMEWORK2\OPENCV3\OPENCV3\Debug\link.4784.write.1.tlog
D:\Adiel\ECUADOR\INVESTIGACION\OPENCV\FRAMEWORK2\OPENCV3\OPENCV3\Debug\link.4828-cvtres.read.1.tlog
D:\Adiel\ECUADOR\INVESTIGACION\OPENCV\FRAMEWORK2\OPENCV3\OPENCV3\Debug\link.4828-cvtres.write.1.tlog
D:\Adiel\ECUADOR\INVESTIGACION\OPENCV\FRAMEWORK2\OPENCV3\OPENCV3\Debug\link.4828-rc.read.1.tlog
D:\Adiel\ECUADOR\INVESTIGACION\OPENCV\FRAMEWORK2\OPENCV3\OPENCV3\Debug\link.4828-rc.write.1.tlog
D:\Adiel\ECUADOR\INVESTIGACION\OPENCV\FRAMEWORK2\OPENCV3\OPENCV3\Debug\link.4828.read.1.tlog
D:\Adiel\ECUADOR\INVESTIGACION\OPENCV\FRAMEWORK2\OPENCV3\OPENCV3\Debug\link.4828.write.1.tlog
D:\Adiel\ECUADOR\INVESTIGACION\OPENCV\FRAMEWORK2\OPENCV3\OPENCV3\Debug\link.4868-cvtres.read.1.tlog
D:\Adiel\ECUADOR\INVESTIGACION\OPENCV\FRAMEWORK2\OPENCV3\OPENCV3\Debug\link.4868-cvtres.write.1.tlog
D:\Adiel\ECUADOR\INVESTIGACION\OPENCV\FRAMEWORK2\OPENCV3\OPENCV3\Debug\link.4868-rc.read.1.tlog
D:\Adiel\ECUADOR\INVESTIGACION\OPENCV\FRAMEWORK2\OPENCV3\OPENCV3\Debug\link.4868-rc.write.1.tlog
D:\Adiel\ECUADOR\INVESTIGACION\OPENCV\FRAMEWORK2\OPENCV3\OPENCV3\Debug\link.4868.read.1.tlog
D:\Adiel\ECUADOR\INVESTIGACION\OPENCV\FRAMEWORK2\OPENCV3\OPENCV3\Debug\link.4868.write.1.tlog
D:\Adiel\ECUADOR\INVESTIGACION\OPENCV\FRAMEWORK2\OPENCV3\OPENCV3\Debug\link.4892-cvtres.read.1.tlog
D:\Adiel\ECUADOR\INVESTIGACION\OPENCV\FRAMEWORK2\OPENCV3\OPENCV3\Debug\link.4892-cvtres.write.1.tlog
D:\Adiel\ECUADOR\INVESTIGACION\OPENCV\FRAMEWORK2\OPENCV3\OPENCV3\Debug\link.4892-rc.read.1.tlog
D:\Adiel\ECUADOR\INVESTIGACION\OPENCV\FRAMEWORK2\OPENCV3\OPENCV3\Debug\link.4892-rc.write.1.tlog
D:\Adiel\ECUADOR\INVESTIGACION\OPENCV\FRAMEWORK2\OPENCV3\OPENCV3\Debug\link.4892.read.1.tlog
D:\Adiel\ECUADOR\INVESTIGACION\OPENCV\FRAMEWORK2\OPENCV3\OPENCV3\Debug\link.4892.write.1.tlog
D:\Adiel\ECUADOR\INVESTIGACION\OPENCV\FRAMEWORK2\OPENCV3\OPENCV3\Debug\link.4896-cvtres.read.1.tlog
D:\Adiel\ECUADOR\INVESTIGACION\OPENCV\FRAMEWORK2\OPENCV3\OPENCV3\Debug\link.4896-cvtres.write.1.tlog
D:\Adiel\ECUADOR\INVESTIGACION\OPENCV\FRAMEWORK2\OPENCV3\OPENCV3\Debug\link.4896-rc.read.1.tlog
D:\Adiel\ECUADOR\INVESTIGACION\OPENCV\FRAMEWORK2\OPENCV3\OPENCV3\Debug\link.4896-rc.write.1.tlog
D:\Adiel\ECUADOR\INVESTIGACION\OPENCV\FRAMEWORK2\OPENCV3\OPENCV3\Debug\link.4896.read.1.tlog
D:\Adiel\ECUADOR\INVESTIGACION\OPENCV\FRAMEWORK2\OPENCV3\OPENCV3\Debug\link.4896.write.1.tlog
D:\Adiel\ECUADOR\INVESTIGACION\OPENCV\FRAMEWORK2\OPENCV3\OPENCV3\Debug\link.5028-cvtres.read.1.tlog
D:\Adiel\ECUADOR\INVESTIGACION\OPENCV\FRAMEWORK2\OPENCV3\OPENCV3\Debug\link.5028-cvtres.write.1.tlog
D:\Adiel\ECUADOR\INVESTIGACION\OPENCV\FRAMEWORK2\OPENCV3\OPENCV3\Debug\link.5028-rc.read.1.tlog
D:\Adiel\ECUADOR\INVESTIGACION\OPENCV\FRAMEWORK2\OPENCV3\OPENCV3\Debug\link.5028-rc.write.1.tlog
D:\Adiel\ECUADOR\INVESTIGACION\OPENCV\FRAMEWORK2\OPENCV3\OPENCV3\Debug\link.5028.read.1.tlog
D:\Adiel\ECUADOR\INVESTIGACION\OPENCV\FRAMEWORK2\OPENCV3\OPENCV3\Debug\link.5028.write.1.tlog
D:\Adiel\ECUADOR\INVESTIGACION\OPENCV\FRAMEWORK2\OPENCV3\OPENCV3\Debug\link.5128-cvtres.read.1.tlog
D:\Adiel\ECUADOR\INVESTIGACION\OPENCV\FRAMEWORK2\OPENCV3\OPENCV3\Debug\link.5128-cvtres.write.1.tlog
D:\Adiel\ECUADOR\INVESTIGACION\OPENCV\FRAMEWORK2\OPENCV3\OPENCV3\Debug\link.5128-rc.read.1.tlog
D:\Adiel\ECUADOR\INVESTIGACION\OPENCV\FRAMEWORK2\OPENCV3\OPENCV3\Debug\link.5128-rc.write.1.tlog
D:\Adiel\ECUADOR\INVESTIGACION\OPENCV\FRAMEWORK2\OPENCV3\OPENCV3\Debug\link.5128.read.1.tlog
D:\Adiel\ECUADOR\INVESTIGACION\OPENCV\FRAMEWORK2\OPENCV3\OPENCV3\Debug\link.5128.write.1.tlog
D:\Adiel\ECUADOR\INVESTIGACION\OPENCV\FRAMEWORK2\OPENCV3\OPENCV3\Debug\link.5372-cvtres.read.1.tlog
D:\Adiel\ECUADOR\INVESTIGACION\OPENCV\FRAMEWORK2\OPENCV3\OPENCV3\Debug\link.5372-cvtres.write.1.tlog
D:\Adiel\ECUADOR\INVESTIGACION\OPENCV\FRAMEWORK2\OPENCV3\OPENCV3\Debug\link.5372-rc.read.1.tlog
D:\Adiel\ECUADOR\INVESTIGACION\OPENCV\FRAMEWORK2\OPENCV3\OPENCV3\Debug\link.5372-rc.write.1.tlog
D:\Adiel\ECUADOR\INVESTIGACION\OPENCV\FRAMEWORK2\OPENCV3\OPENCV3\Debug\link.5372.read.1.tlog
D:\Adiel\ECUADOR\INVESTIGACION\OPENCV\FRAMEWORK2\OPENCV3\OPENCV3\Debug\link.5372.write.1.tlog
D:\Adiel\ECUADOR\INVESTIGACION\OPENCV\FRAMEWORK2\OPENCV3\OPENCV3\Debug\link.5420-cvtres.read.1.tlog
D:\Adiel\ECUADOR\INVESTIGACION\OPENCV\FRAMEWORK2\OPENCV3\OPENCV3\Debug\link.5420-cvtres.write.1.tlog
D:\Adiel\ECUADOR\INVESTIGACION\OPENCV\FRAMEWORK2\OPENCV3\OPENCV3\Debug\link.5420-rc.read.1.tlog
D:\Adiel\ECUADOR\INVESTIGACION\OPENCV\FRAMEWORK2\OPENCV3\OPENCV3\Debug\link.5420-rc.write.1.tlog
D:\Adiel\ECUADOR\INVESTIGACION\OPENCV\FRAMEWORK2\OPENCV3\OPENCV3\Debug\link.5420.read.1.tlog
D:\Adiel\ECUADOR\INVESTIGACION\OPENCV\FRAMEWORK2\OPENCV3\OPENCV3\Debug\link.5420.write.1.tlog
D:\Adiel\ECUADOR\INVESTIGACION\OPENCV\FRAMEWORK2\OPENCV3\OPENCV3\Debug\link.5516-cvtres.read.1.tlog
D:\Adiel\ECUADOR\INVESTIGACION\OPENCV\FRAMEWORK2\OPENCV3\OPENCV3\Debug\link.5516-cvtres.write.1.tlog
D:\Adiel\ECUADOR\INVESTIGACION\OPENCV\FRAMEWORK2\OPENCV3\OPENCV3\Debug\link.5516-rc.read.1.tlog
D:\Adiel\ECUADOR\INVESTIGACION\OPENCV\FRAMEWORK2\OPENCV3\OPENCV3\Debug\link.5516-rc.write.1.tlog
D:\Adiel\ECUADOR\INVESTIGACION\OPENCV\FRAMEWORK2\OPENCV3\OPENCV3\Debug\link.5516.read.1.tlog
D:\Adiel\ECUADOR\INVESTIGACION\OPENCV\FRAMEWORK2\OPENCV3\OPENCV3\Debug\link.5516.write.1.tlog
D:\Adiel\ECUADOR\INVESTIGACION\OPENCV\FRAMEWORK2\OPENCV3\OPENCV3\Debug\link.5644-cvtres.read.1.tlog
D:\Adiel\ECUADOR\INVESTIGACION\OPENCV\FRAMEWORK2\OPENCV3\OPENCV3\Debug\link.5644-cvtres.write.1.tlog
D:\Adiel\ECUADOR\INVESTIGACION\OPENCV\FRAMEWORK2\OPENCV3\OPENCV3\Debug\link.5644-rc.read.1.tlog
D:\Adiel\ECUADOR\INVESTIGACION\OPENCV\FRAMEWORK2\OPENCV3\OPENCV3\Debug\link.5644-rc.write.1.tlog
D:\Adiel\ECUADOR\INVESTIGACION\OPENCV\FRAMEWORK2\OPENCV3\OPENCV3\Debug\link.5644.read.1.tlog
D:\Adiel\ECUADOR\INVESTIGACION\OPENCV\FRAMEWORK2\OPENCV3\OPENCV3\Debug\link.5644.write.1.tlog
D:\Adiel\ECUADOR\INVESTIGACION\OPENCV\FRAMEWORK2\OPENCV3\OPENCV3\Debug\link.5720-cvtres.read.1.tlog
D:\Adiel\ECUADOR\INVESTIGACION\OPENCV\FRAMEWORK2\OPENCV3\OPENCV3\Debug\link.5720-cvtres.write.1.tlog
D:\Adiel\ECUADOR\INVESTIGACION\OPENCV\FRAMEWORK2\OPENCV3\OPENCV3\Debug\link.5720-rc.read.1.tlog
D:\Adiel\ECUADOR\INVESTIGACION\OPENCV\FRAMEWORK2\OPENCV3\OPENCV3\Debug\link.5720-rc.write.1.tlog
D:\Adiel\ECUADOR\INVESTIGACION\OPENCV\FRAMEWORK2\OPENCV3\OPENCV3\Debug\link.5720.read.1.tlog
D:\Adiel\ECUADOR\INVESTIGACION\OPENCV\FRAMEWORK2\OPENCV3\OPENCV3\Debug\link.5720.write.1.tlog
D:\Adiel\ECUADOR\INVESTIGACION\OPENCV\FRAMEWORK2\OPENCV3\OPENCV3\Debug\link.5876-cvtres.read.1.tlog
D:\Adiel\ECUADOR\INVESTIGACION\OPENCV\FRAMEWORK2\OPENCV3\OPENCV3\Debug\link.5876-cvtres.write.1.tlog
D:\Adiel\ECUADOR\INVESTIGACION\OPENCV\FRAMEWORK2\OPENCV3\OPENCV3\Debug\link.5876-rc.read.1.tlog
D:\Adiel\ECUADOR\INVESTIGACION\OPENCV\FRAMEWORK2\OPENCV3\OPENCV3\Debug\link.5876-rc.write.1.tlog
D:\Adiel\ECUADOR\INVESTIGACION\OPENCV\FRAMEWORK2\OPENCV3\OPENCV3\Debug\link.5876.read.1.tlog
D:\Adiel\ECUADOR\INVESTIGACION\OPENCV\FRAMEWORK2\OPENCV3\OPENCV3\Debug\link.5876.write.1.tlog
D:\Adiel\ECUADOR\INVESTIGACION\OPENCV\FRAMEWORK2\OPENCV3\OPENCV3\Debug\link.5892-cvtres.read.1.tlog
D:\Adiel\ECUADOR\INVESTIGACION\OPENCV\FRAMEWORK2\OPENCV3\OPENCV3\Debug\link.5892-cvtres.write.1.tlog
D:\Adiel\ECUADOR\INVESTIGACION\OPENCV\FRAMEWORK2\OPENCV3\OPENCV3\Debug\link.5892-rc.read.1.tlog
D:\Adiel\ECUADOR\INVESTIGACION\OPENCV\FRAMEWORK2\OPENCV3\OPENCV3\Debug\link.5892-rc.write.1.tlog
D:\Adiel\ECUADOR\INVESTIGACION\OPENCV\FRAMEWORK2\OPENCV3\OPENCV3\Debug\link.5892.read.1.tlog
D:\Adiel\ECUADOR\INVESTIGACION\OPENCV\FRAMEWORK2\OPENCV3\OPENCV3\Debug\link.5892.write.1.tlog
D:\Adiel\ECUADOR\INVESTIGACION\OPENCV\FRAMEWORK2\OPENCV3\OPENCV3\Debug\link.5904-cvtres.read.1.tlog
D:\Adiel\ECUADOR\INVESTIGACION\OPENCV\FRAMEWORK2\OPENCV3\OPENCV3\Debug\link.5904-cvtres.write.1.tlog
D:\Adiel\ECUADOR\INVESTIGACION\OPENCV\FRAMEWORK2\OPENCV3\OPENCV3\Debug\link.5904-rc.read.1.tlog
D:\Adiel\ECUADOR\INVESTIGACION\OPENCV\FRAMEWORK2\OPENCV3\OPENCV3\Debug\link.5904-rc.write.1.tlog
D:\Adiel\ECUADOR\INVESTIGACION\OPENCV\FRAMEWORK2\OPENCV3\OPENCV3\Debug\link.5904.read.1.tlog
D:\Adiel\ECUADOR\INVESTIGACION\OPENCV\FRAMEWORK2\OPENCV3\OPENCV3\Debug\link.5904.write.1.tlog
D:\Adiel\ECUADOR\INVESTIGACION\OPENCV\FRAMEWORK2\OPENCV3\OPENCV3\Debug\link.6208-cvtres.read.1.tlog
D:\Adiel\ECUADOR\INVESTIGACION\OPENCV\FRAMEWORK2\OPENCV3\OPENCV3\Debug\link.6208-cvtres.write.1.tlog
D:\Adiel\ECUADOR\INVESTIGACION\OPENCV\FRAMEWORK2\OPENCV3\OPENCV3\Debug\link.6208-rc.read.1.tlog
D:\Adiel\ECUADOR\INVESTIGACION\OPENCV\FRAMEWORK2\OPENCV3\OPENCV3\Debug\link.6208-rc.write.1.tlog
D:\Adiel\ECUADOR\INVESTIGACION\OPENCV\FRAMEWORK2\OPENCV3\OPENCV3\Debug\link.6208.read.1.tlog
D:\Adiel\ECUADOR\INVESTIGACION\OPENCV\FRAMEWORK2\OPENCV3\OPENCV3\Debug\link.6208.write.1.tlog
D:\Adiel\ECUADOR\INVESTIGACION\OPENCV\FRAMEWORK2\OPENCV3\OPENCV3\Debug\link.6232-cvtres.read.1.tlog
D:\Adiel\ECUADOR\INVESTIGACION\OPENCV\FRAMEWORK2\OPENCV3\OPENCV3\Debug\link.6232-cvtres.write.1.tlog
D:\Adiel\ECUADOR\INVESTIGACION\OPENCV\FRAMEWORK2\OPENCV3\OPENCV3\Debug\link.6232-rc.read.1.tlog
D:\Adiel\ECUADOR\INVESTIGACION\OPENCV\FRAMEWORK2\OPENCV3\OPENCV3\Debug\link.6232-rc.write.1.tlog
D:\Adiel\ECUADOR\INVESTIGACION\OPENCV\FRAMEWORK2\OPENCV3\OPENCV3\Debug\link.6232.read.1.tlog
D:\Adiel\ECUADOR\INVESTIGACION\OPENCV\FRAMEWORK2\OPENCV3\OPENCV3\Debug\link.6232.write.1.tlog
D:\Adiel\ECUADOR\INVESTIGACION\OPENCV\FRAMEWORK2\OPENCV3\OPENCV3\Debug\link.6264-cvtres.read.1.tlog
D:\Adiel\ECUADOR\INVESTIGACION\OPENCV\FRAMEWORK2\OPENCV3\OPENCV3\Debug\link.6264-cvtres.write.1.tlog
D:\Adiel\ECUADOR\INVESTIGACION\OPENCV\FRAMEWORK2\OPENCV3\OPENCV3\Debug\link.6264-rc.read.1.tlog
D:\Adiel\ECUADOR\INVESTIGACION\OPENCV\FRAMEWORK2\OPENCV3\OPENCV3\Debug\link.6264-rc.write.1.tlog
D:\Adiel\ECUADOR\INVESTIGACION\OPENCV\FRAMEWORK2\OPENCV3\OPENCV3\Debug\link.6264.read.1.tlog
D:\Adiel\ECUADOR\INVESTIGACION\OPENCV\FRAMEWORK2\OPENCV3\OPENCV3\Debug\link.6264.write.1.tlog
D:\Adiel\ECUADOR\INVESTIGACION\OPENCV\FRAMEWORK2\OPENCV3\OPENCV3\Debug\link.6384-cvtres.read.1.tlog
D:\Adiel\ECUADOR\INVESTIGACION\OPENCV\FRAMEWORK2\OPENCV3\OPENCV3\Debug\link.6384-cvtres.write.1.tlog
D:\Adiel\ECUADOR\INVESTIGACION\OPENCV\FRAMEWORK2\OPENCV3\OPENCV3\Debug\link.6384-rc.read.1.tlog
D:\Adiel\ECUADOR\INVESTIGACION\OPENCV\FRAMEWORK2\OPENCV3\OPENCV3\Debug\link.6384-rc.write.1.tlog
D:\Adiel\ECUADOR\INVESTIGACION\OPENCV\FRAMEWORK2\OPENCV3\OPENCV3\Debug\link.6384.read.1.tlog
D:\Adiel\ECUADOR\INVESTIGACION\OPENCV\FRAMEWORK2\OPENCV3\OPENCV3\Debug\link.6384.write.1.tlog
D:\Adiel\ECUADOR\INVESTIGACION\OPENCV\FRAMEWORK2\OPENCV3\OPENCV3\Debug\link.6388-cvtres.read.1.tlog
D:\Adiel\ECUADOR\INVESTIGACION\OPENCV\FRAMEWORK2\OPENCV3\OPENCV3\Debug\link.6388-cvtres.write.1.tlog
D:\Adiel\ECUADOR\INVESTIGACION\OPENCV\FRAMEWORK2\OPENCV3\OPENCV3\Debug\link.6388-rc.read.1.tlog
D:\Adiel\ECUADOR\INVESTIGACION\OPENCV\FRAMEWORK2\OPENCV3\OPENCV3\Debug\link.6388-rc.write.1.tlog
D:\Adiel\ECUADOR\INVESTIGACION\OPENCV\FRAMEWORK2\OPENCV3\OPENCV3\Debug\link.6388.read.1.tlog
D:\Adiel\ECUADOR\INVESTIGACION\OPENCV\FRAMEWORK2\OPENCV3\OPENCV3\Debug\link.6388.write.1.tlog
D:\Adiel\ECUADOR\INVESTIGACION\OPENCV\FRAMEWORK2\OPENCV3\OPENCV3\Debug\link.6496-cvtres.read.1.tlog
D:\Adiel\ECUADOR\INVESTIGACION\OPENCV\FRAMEWORK2\OPENCV3\OPENCV3\Debug\link.6496-cvtres.write.1.tlog
D:\Adiel\ECUADOR\INVESTIGACION\OPENCV\FRAMEWORK2\OPENCV3\OPENCV3\Debug\link.6496-rc.read.1.tlog
D:\Adiel\ECUADOR\INVESTIGACION\OPENCV\FRAMEWORK2\OPENCV3\OPENCV3\Debug\link.6496-rc.write.1.tlog
D:\Adiel\ECUADOR\INVESTIGACION\OPENCV\FRAMEWORK2\OPENCV3\OPENCV3\Debug\link.6496.read.1.tlog
D:\Adiel\ECUADOR\INVESTIGACION\OPENCV\FRAMEWORK2\OPENCV3\OPENCV3\Debug\link.6496.write.1.tlog
D:\Adiel\ECUADOR\INVESTIGACION\OPENCV\FRAMEWORK2\OPENCV3\OPENCV3\Debug\link.6556-cvtres.read.1.tlog
D:\Adiel\ECUADOR\INVESTIGACION\OPENCV\FRAMEWORK2\OPENCV3\OPENCV3\Debug\link.6556-cvtres.write.1.tlog
D:\Adiel\ECUADOR\INVESTIGACION\OPENCV\FRAMEWORK2\OPENCV3\OPENCV3\Debug\link.6556-rc.read.1.tlog
D:\Adiel\ECUADOR\INVESTIGACION\OPENCV\FRAMEWORK2\OPENCV3\OPENCV3\Debug\link.6556-rc.write.1.tlog
D:\Adiel\ECUADOR\INVESTIGACION\OPENCV\FRAMEWORK2\OPENCV3\OPENCV3\Debug\link.6556.read.1.tlog
D:\Adiel\ECUADOR\INVESTIGACION\OPENCV\FRAMEWORK2\OPENCV3\OPENCV3\Debug\link.6556.write.1.tlog
D:\Adiel\ECUADOR\INVESTIGACION\OPENCV\FRAMEWORK2\OPENCV3\OPENCV3\Debug\link.6564-cvtres.read.1.tlog
D:\Adiel\ECUADOR\INVESTIGACION\OPENCV\FRAMEWORK2\OPENCV3\OPENCV3\Debug\link.6564-cvtres.write.1.tlog
D:\Adiel\ECUADOR\INVESTIGACION\OPENCV\FRAMEWORK2\OPENCV3\OPENCV3\Debug\link.6564-rc.read.1.tlog
D:\Adiel\ECUADOR\INVESTIGACION\OPENCV\FRAMEWORK2\OPENCV3\OPENCV3\Debug\link.6564-rc.write.1.tlog
D:\Adiel\ECUADOR\INVESTIGACION\OPENCV\FRAMEWORK2\OPENCV3\OPENCV3\Debug\link.6564.read.1.tlog
D:\Adiel\ECUADOR\INVESTIGACION\OPENCV\FRAMEWORK2\OPENCV3\OPENCV3\Debug\link.6564.write.1.tlog
D:\Adiel\ECUADOR\INVESTIGACION\OPENCV\FRAMEWORK2\OPENCV3\OPENCV3\Debug\link.6600-cvtres.read.1.tlog
D:\Adiel\ECUADOR\INVESTIGACION\OPENCV\FRAMEWORK2\OPENCV3\OPENCV3\Debug\link.6600-cvtres.write.1.tlog
D:\Adiel\ECUADOR\INVESTIGACION\OPENCV\FRAMEWORK2\OPENCV3\OPENCV3\Debug\link.6600-rc.read.1.tlog
D:\Adiel\ECUADOR\INVESTIGACION\OPENCV\FRAMEWORK2\OPENCV3\OPENCV3\Debug\link.6600-rc.write.1.tlog
D:\Adiel\ECUADOR\INVESTIGACION\OPENCV\FRAMEWORK2\OPENCV3\OPENCV3\Debug\link.6600.read.1.tlog
D:\Adiel\ECUADOR\INVESTIGACION\OPENCV\FRAMEWORK2\OPENCV3\OPENCV3\Debug\link.6600.write.1.tlog
D:\Adiel\ECUADOR\INVESTIGACION\OPENCV\FRAMEWORK2\OPENCV3\OPENCV3\Debug\link.6608-cvtres.read.1.tlog
D:\Adiel\ECUADOR\INVESTIGACION\OPENCV\FRAMEWORK2\OPENCV3\OPENCV3\Debug\link.6608-cvtres.write.1.tlog
D:\Adiel\ECUADOR\INVESTIGACION\OPENCV\FRAMEWORK2\OPENCV3\OPENCV3\Debug\link.6608-rc.read.1.tlog
D:\Adiel\ECUADOR\INVESTIGACION\OPENCV\FRAMEWORK2\OPENCV3\OPENCV3\Debug\link.6608-rc.write.1.tlog
D:\Adiel\ECUADOR\INVESTIGACION\OPENCV\FRAMEWORK2\OPENCV3\OPENCV3\Debug\link.6608.read.1.tlog
D:\Adiel\ECUADOR\INVESTIGACION\OPENCV\FRAMEWORK2\OPENCV3\OPENCV3\Debug\link.6608.write.1.tlog
D:\Adiel\ECUADOR\INVESTIGACION\OPENCV\FRAMEWORK2\OPENCV3\OPENCV3\Debug\link.6836-cvtres.read.1.tlog
D:\Adiel\ECUADOR\INVESTIGACION\OPENCV\FRAMEWORK2\OPENCV3\OPENCV3\Debug\link.6836-cvtres.write.1.tlog
D:\Adiel\ECUADOR\INVESTIGACION\OPENCV\FRAMEWORK2\OPENCV3\OPENCV3\Debug\link.6836-rc.read.1.tlog
D:\Adiel\ECUADOR\INVESTIGACION\OPENCV\FRAMEWORK2\OPENCV3\OPENCV3\Debug\link.6836-rc.write.1.tlog
D:\Adiel\ECUADOR\INVESTIGACION\OPENCV\FRAMEWORK2\OPENCV3\OPENCV3\Debug\link.6836.read.1.tlog
D:\Adiel\ECUADOR\INVESTIGACION\OPENCV\FRAMEWORK2\OPENCV3\OPENCV3\Debug\link.6836.write.1.tlog
D:\Adiel\ECUADOR\INVESTIGACION\OPENCV\FRAMEWORK2\OPENCV3\OPENCV3\Debug\link.6868-cvtres.read.1.tlog
D:\Adiel\ECUADOR\INVESTIGACION\OPENCV\FRAMEWORK2\OPENCV3\OPENCV3\Debug\link.6868-cvtres.write.1.tlog
D:\Adiel\ECUADOR\INVESTIGACION\OPENCV\FRAMEWORK2\OPENCV3\OPENCV3\Debug\link.6868-rc.read.1.tlog
D:\Adiel\ECUADOR\INVESTIGACION\OPENCV\FRAMEWORK2\OPENCV3\OPENCV3\Debug\link.6868-rc.write.1.tlog
D:\Adiel\ECUADOR\INVESTIGACION\OPENCV\FRAMEWORK2\OPENCV3\OPENCV3\Debug\link.6868.read.1.tlog
D:\Adiel\ECUADOR\INVESTIGACION\OPENCV\FRAMEWORK2\OPENCV3\OPENCV3\Debug\link.6868.write.1.tlog
D:\Adiel\ECUADOR\INVESTIGACION\OPENCV\FRAMEWORK2\OPENCV3\OPENCV3\Debug\link.6892-cvtres.read.1.tlog
D:\Adiel\ECUADOR\INVESTIGACION\OPENCV\FRAMEWORK2\OPENCV3\OPENCV3\Debug\link.6892-cvtres.write.1.tlog
D:\Adiel\ECUADOR\INVESTIGACION\OPENCV\FRAMEWORK2\OPENCV3\OPENCV3\Debug\link.6892-rc.read.1.tlog
D:\Adiel\ECUADOR\INVESTIGACION\OPENCV\FRAMEWORK2\OPENCV3\OPENCV3\Debug\link.6892-rc.write.1.tlog
D:\Adiel\ECUADOR\INVESTIGACION\OPENCV\FRAMEWORK2\OPENCV3\OPENCV3\Debug\link.6892.read.1.tlog
D:\Adiel\ECUADOR\INVESTIGACION\OPENCV\FRAMEWORK2\OPENCV3\OPENCV3\Debug\link.6892.write.1.tlog
D:\Adiel\ECUADOR\INVESTIGACION\OPENCV\FRAMEWORK2\OPENCV3\OPENCV3\Debug\link.6976-cvtres.read.1.tlog
D:\Adiel\ECUADOR\INVESTIGACION\OPENCV\FRAMEWORK2\OPENCV3\OPENCV3\Debug\link.6976-cvtres.write.1.tlog
D:\Adiel\ECUADOR\INVESTIGACION\OPENCV\FRAMEWORK2\OPENCV3\OPENCV3\Debug\link.6976-rc.read.1.tlog
D:\Adiel\ECUADOR\INVESTIGACION\OPENCV\FRAMEWORK2\OPENCV3\OPENCV3\Debug\link.6976-rc.write.1.tlog
D:\Adiel\ECUADOR\INVESTIGACION\OPENCV\FRAMEWORK2\OPENCV3\OPENCV3\Debug\link.6976.read.1.tlog
D:\Adiel\ECUADOR\INVESTIGACION\OPENCV\FRAMEWORK2\OPENCV3\OPENCV3\Debug\link.6976.write.1.tlog
D:\Adiel\ECUADOR\INVESTIGACION\OPENCV\FRAMEWORK2\OPENCV3\OPENCV3\Debug\link.6992-cvtres.read.1.tlog
D:\Adiel\ECUADOR\INVESTIGACION\OPENCV\FRAMEWORK2\OPENCV3\OPENCV3\Debug\link.6992-cvtres.write.1.tlog
D:\Adiel\ECUADOR\INVESTIGACION\OPENCV\FRAMEWORK2\OPENCV3\OPENCV3\Debug\link.6992-rc.read.1.tlog
D:\Adiel\ECUADOR\INVESTIGACION\OPENCV\FRAMEWORK2\OPENCV3\OPENCV3\Debug\link.6992-rc.write.1.tlog
D:\Adiel\ECUADOR\INVESTIGACION\OPENCV\FRAMEWORK2\OPENCV3\OPENCV3\Debug\link.6992.read.1.tlog
D:\Adiel\ECUADOR\INVESTIGACION\OPENCV\FRAMEWORK2\OPENCV3\OPENCV3\Debug\link.6992.write.1.tlog
D:\Adiel\ECUADOR\INVESTIGACION\OPENCV\FRAMEWORK2\OPENCV3\OPENCV3\Debug\link.7448-cvtres.read.1.tlog
D:\Adiel\ECUADOR\INVESTIGACION\OPENCV\FRAMEWORK2\OPENCV3\OPENCV3\Debug\link.7448-cvtres.write.1.tlog
D:\Adiel\ECUADOR\INVESTIGACION\OPENCV\FRAMEWORK2\OPENCV3\OPENCV3\Debug\link.7448-rc.read.1.tlog
D:\Adiel\ECUADOR\INVESTIGACION\OPENCV\FRAMEWORK2\OPENCV3\OPENCV3\Debug\link.7448-rc.write.1.tlog
D:\Adiel\ECUADOR\INVESTIGACION\OPENCV\FRAMEWORK2\OPENCV3\OPENCV3\Debug\link.7448.read.1.tlog
D:\Adiel\ECUADOR\INVESTIGACION\OPENCV\FRAMEWORK2\OPENCV3\OPENCV3\Debug\link.7448.write.1.tlog
D:\Adiel\ECUADOR\INVESTIGACION\OPENCV\FRAMEWORK2\OPENCV3\OPENCV3\Debug\link.7464-cvtres.read.1.tlog
D:\Adiel\ECUADOR\INVESTIGACION\OPENCV\FRAMEWORK2\OPENCV3\OPENCV3\Debug\link.7464-cvtres.write.1.tlog
D:\Adiel\ECUADOR\INVESTIGACION\OPENCV\FRAMEWORK2\OPENCV3\OPENCV3\Debug\link.7464-rc.read.1.tlog
D:\Adiel\ECUADOR\INVESTIGACION\OPENCV\FRAMEWORK2\OPENCV3\OPENCV3\Debug\link.7464-rc.write.1.tlog
D:\Adiel\ECUADOR\INVESTIGACION\OPENCV\FRAMEWORK2\OPENCV3\OPENCV3\Debug\link.7464.read.1.tlog
D:\Adiel\ECUADOR\INVESTIGACION\OPENCV\FRAMEWORK2\OPENCV3\OPENCV3\Debug\link.7464.write.1.tlog
D:\Adiel\ECUADOR\INVESTIGACION\OPENCV\FRAMEWORK2\OPENCV3\OPENCV3\Debug\link.7572-cvtres.read.1.tlog
D:\Adiel\ECUADOR\INVESTIGACION\OPENCV\FRAMEWORK2\OPENCV3\OPENCV3\Debug\link.7572-cvtres.write.1.tlog
D:\Adiel\ECUADOR\INVESTIGACION\OPENCV\FRAMEWORK2\OPENCV3\OPENCV3\Debug\link.7572-rc.read.1.tlog
D:\Adiel\ECUADOR\INVESTIGACION\OPENCV\FRAMEWORK2\OPENCV3\OPENCV3\Debug\link.7572-rc.write.1.tlog
D:\Adiel\ECUADOR\INVESTIGACION\OPENCV\FRAMEWORK2\OPENCV3\OPENCV3\Debug\link.7572.read.1.tlog
D:\Adiel\ECUADOR\INVESTIGACION\OPENCV\FRAMEWORK2\OPENCV3\OPENCV3\Debug\link.7572.write.1.tlog
D:\Adiel\ECUADOR\INVESTIGACION\OPENCV\FRAMEWORK2\OPENCV3\OPENCV3\Debug\link.7684-cvtres.read.1.tlog
D:\Adiel\ECUADOR\INVESTIGACION\OPENCV\FRAMEWORK2\OPENCV3\OPENCV3\Debug\link.7684-cvtres.write.1.tlog
D:\Adiel\ECUADOR\INVESTIGACION\OPENCV\FRAMEWORK2\OPENCV3\OPENCV3\Debug\link.7684-rc.read.1.tlog
D:\Adiel\ECUADOR\INVESTIGACION\OPENCV\FRAMEWORK2\OPENCV3\OPENCV3\Debug\link.7684-rc.write.1.tlog
D:\Adiel\ECUADOR\INVESTIGACION\OPENCV\FRAMEWORK2\OPENCV3\OPENCV3\Debug\link.7684.read.1.tlog
D:\Adiel\ECUADOR\INVESTIGACION\OPENCV\FRAMEWORK2\OPENCV3\OPENCV3\Debug\link.7684.write.1.tlog
D:\Adiel\ECUADOR\INVESTIGACION\OPENCV\FRAMEWORK2\OPENCV3\OPENCV3\Debug\link.7700-cvtres.read.1.tlog
D:\Adiel\ECUADOR\INVESTIGACION\OPENCV\FRAMEWORK2\OPENCV3\OPENCV3\Debug\link.7700-cvtres.write.1.tlog
D:\Adiel\ECUADOR\INVESTIGACION\OPENCV\FRAMEWORK2\OPENCV3\OPENCV3\Debug\link.7700-rc.read.1.tlog
D:\Adiel\ECUADOR\INVESTIGACION\OPENCV\FRAMEWORK2\OPENCV3\OPENCV3\Debug\link.7700-rc.write.1.tlog
D:\Adiel\ECUADOR\INVESTIGACION\OPENCV\FRAMEWORK2\OPENCV3\OPENCV3\Debug\link.7700.read.1.tlog
D:\Adiel\ECUADOR\INVESTIGACION\OPENCV\FRAMEWORK2\OPENCV3\OPENCV3\Debug\link.7700.write.1.tlog
D:\Adiel\ECUADOR\INVESTIGACION\OPENCV\FRAMEWORK2\OPENCV3\OPENCV3\Debug\link.7780-cvtres.read.1.tlog
D:\Adiel\ECUADOR\INVESTIGACION\OPENCV\FRAMEWORK2\OPENCV3\OPENCV3\Debug\link.7780-cvtres.write.1.tlog
D:\Adiel\ECUADOR\INVESTIGACION\OPENCV\FRAMEWORK2\OPENCV3\OPENCV3\Debug\link.7780-rc.read.1.tlog
D:\Adiel\ECUADOR\INVESTIGACION\OPENCV\FRAMEWORK2\OPENCV3\OPENCV3\Debug\link.7780-rc.write.1.tlog
D:\Adiel\ECUADOR\INVESTIGACION\OPENCV\FRAMEWORK2\OPENCV3\OPENCV3\Debug\link.7780.read.1.tlog
D:\Adiel\ECUADOR\INVESTIGACION\OPENCV\FRAMEWORK2\OPENCV3\OPENCV3\Debug\link.7780.write.1.tlog
D:\Adiel\ECUADOR\INVESTIGACION\OPENCV\FRAMEWORK2\OPENCV3\OPENCV3\Debug\link.7836-cvtres.read.1.tlog
D:\Adiel\ECUADOR\INVESTIGACION\OPENCV\FRAMEWORK2\OPENCV3\OPENCV3\Debug\link.7836-cvtres.write.1.tlog
D:\Adiel\ECUADOR\INVESTIGACION\OPENCV\FRAMEWORK2\OPENCV3\OPENCV3\Debug\link.7836-rc.read.1.tlog
D:\Adiel\ECUADOR\INVESTIGACION\OPENCV\FRAMEWORK2\OPENCV3\OPENCV3\Debug\link.7836-rc.write.1.tlog
D:\Adiel\ECUADOR\INVESTIGACION\OPENCV\FRAMEWORK2\OPENCV3\OPENCV3\Debug\link.7836.read.1.tlog
D:\Adiel\ECUADOR\INVESTIGACION\OPENCV\FRAMEWORK2\OPENCV3\OPENCV3\Debug\link.7836.write.1.tlog
D:\Adiel\ECUADOR\INVESTIGACION\OPENCV\FRAMEWORK2\OPENCV3\OPENCV3\Debug\link.7964-cvtres.read.1.tlog
D:\Adiel\ECUADOR\INVESTIGACION\OPENCV\FRAMEWORK2\OPENCV3\OPENCV3\Debug\link.7964-cvtres.write.1.tlog
D:\Adiel\ECUADOR\INVESTIGACION\OPENCV\FRAMEWORK2\OPENCV3\OPENCV3\Debug\link.7964-rc.read.1.tlog
D:\Adiel\ECUADOR\INVESTIGACION\OPENCV\FRAMEWORK2\OPENCV3\OPENCV3\Debug\link.7964-rc.write.1.tlog
D:\Adiel\ECUADOR\INVESTIGACION\OPENCV\FRAMEWORK2\OPENCV3\OPENCV3\Debug\link.7964.read.1.tlog
D:\Adiel\ECUADOR\INVESTIGACION\OPENCV\FRAMEWORK2\OPENCV3\OPENCV3\Debug\link.7964.write.1.tlog
D:\Adiel\ECUADOR\INVESTIGACION\OPENCV\FRAMEWORK2\OPENCV3\OPENCV3\Debug\link.8112-cvtres.read.1.tlog
D:\Adiel\ECUADOR\INVESTIGACION\OPENCV\FRAMEWORK2\OPENCV3\OPENCV3\Debug\link.8112-cvtres.write.1.tlog
D:\Adiel\ECUADOR\INVESTIGACION\OPENCV\FRAMEWORK2\OPENCV3\OPENCV3\Debug\link.8112-rc.read.1.tlog
D:\Adiel\ECUADOR\INVESTIGACION\OPENCV\FRAMEWORK2\OPENCV3\OPENCV3\Debug\link.8112-rc.write.1.tlog
D:\Adiel\ECUADOR\INVESTIGACION\OPENCV\FRAMEWORK2\OPENCV3\OPENCV3\Debug\link.8112.read.1.tlog
D:\Adiel\ECUADOR\INVESTIGACION\OPENCV\FRAMEWORK2\OPENCV3\OPENCV3\Debug\link.8112.write.1.tlog
D:\Adiel\ECUADOR\INVESTIGACION\OPENCV\FRAMEWORK2\OPENCV3\OPENCV3\Debug\link.8140-cvtres.read.1.tlog
D:\Adiel\ECUADOR\INVESTIGACION\OPENCV\FRAMEWORK2\OPENCV3\OPENCV3\Debug\link.8140-cvtres.write.1.tlog
D:\Adiel\ECUADOR\INVESTIGACION\OPENCV\FRAMEWORK2\OPENCV3\OPENCV3\Debug\link.8140-rc.read.1.tlog
D:\Adiel\ECUADOR\INVESTIGACION\OPENCV\FRAMEWORK2\OPENCV3\OPENCV3\Debug\link.8140-rc.write.1.tlog
D:\Adiel\ECUADOR\INVESTIGACION\OPENCV\FRAMEWORK2\OPENCV3\OPENCV3\Debug\link.8140.read.1.tlog
D:\Adiel\ECUADOR\INVESTIGACION\OPENCV\FRAMEWORK2\OPENCV3\OPENCV3\Debug\link.8140.write.1.tlog
D:\Adiel\ECUADOR\INVESTIGACION\OPENCV\FRAMEWORK2\OPENCV3\OPENCV3\Debug\link.8148-cvtres.read.1.tlog
D:\Adiel\ECUADOR\INVESTIGACION\OPENCV\FRAMEWORK2\OPENCV3\OPENCV3\Debug\link.8148-cvtres.write.1.tlog
D:\Adiel\ECUADOR\INVESTIGACION\OPENCV\FRAMEWORK2\OPENCV3\OPENCV3\Debug\link.8148-rc.read.1.tlog
D:\Adiel\ECUADOR\INVESTIGACION\OPENCV\FRAMEWORK2\OPENCV3\OPENCV3\Debug\link.8148-rc.write.1.tlog
D:\Adiel\ECUADOR\INVESTIGACION\OPENCV\FRAMEWORK2\OPENCV3\OPENCV3\Debug\link.8148.read.1.tlog
D:\Adiel\ECUADOR\INVESTIGACION\OPENCV\FRAMEWORK2\OPENCV3\OPENCV3\Debug\link.8148.write.1.tlog
D:\Adiel\ECUADOR\INVESTIGACION\OPENCV\FRAMEWORK2\OPENCV3\OPENCV3\Debug\link.8216-cvtres.read.1.tlog
D:\Adiel\ECUADOR\INVESTIGACION\OPENCV\FRAMEWORK2\OPENCV3\OPENCV3\Debug\link.8216-cvtres.write.1.tlog
D:\Adiel\ECUADOR\INVESTIGACION\OPENCV\FRAMEWORK2\OPENCV3\OPENCV3\Debug\link.8216-rc.read.1.tlog
D:\Adiel\ECUADOR\INVESTIGACION\OPENCV\FRAMEWORK2\OPENCV3\OPENCV3\Debug\link.8216-rc.write.1.tlog
D:\Adiel\ECUADOR\INVESTIGACION\OPENCV\FRAMEWORK2\OPENCV3\OPENCV3\Debug\link.8216.read.1.tlog
D:\Adiel\ECUADOR\INVESTIGACION\OPENCV\FRAMEWORK2\OPENCV3\OPENCV3\Debug\link.8216.write.1.tlog
D:\Adiel\ECUADOR\INVESTIGACION\OPENCV\FRAMEWORK2\OPENCV3\OPENCV3\Debug\link.8260-cvtres.read.1.tlog
D:\Adiel\ECUADOR\INVESTIGACION\OPENCV\FRAMEWORK2\OPENCV3\OPENCV3\Debug\link.8260-cvtres.write.1.tlog
D:\Adiel\ECUADOR\INVESTIGACION\OPENCV\FRAMEWORK2\OPENCV3\OPENCV3\Debug\link.8260-rc.read.1.tlog
D:\Adiel\ECUADOR\INVESTIGACION\OPENCV\FRAMEWORK2\OPENCV3\OPENCV3\Debug\link.8260-rc.write.1.tlog
D:\Adiel\ECUADOR\INVESTIGACION\OPENCV\FRAMEWORK2\OPENCV3\OPENCV3\Debug\link.8260.read.1.tlog
D:\Adiel\ECUADOR\INVESTIGACION\OPENCV\FRAMEWORK2\OPENCV3\OPENCV3\Debug\link.8260.write.1.tlog
D:\Adiel\ECUADOR\INVESTIGACION\OPENCV\FRAMEWORK2\OPENCV3\OPENCV3\Debug\link.8268-cvtres.read.1.tlog
D:\Adiel\ECUADOR\INVESTIGACION\OPENCV\FRAMEWORK2\OPENCV3\OPENCV3\Debug\link.8268-cvtres.write.1.tlog
D:\Adiel\ECUADOR\INVESTIGACION\OPENCV\FRAMEWORK2\OPENCV3\OPENCV3\Debug\link.8268-rc.read.1.tlog
D:\Adiel\ECUADOR\INVESTIGACION\OPENCV\FRAMEWORK2\OPENCV3\OPENCV3\Debug\link.8268-rc.write.1.tlog
D:\Adiel\ECUADOR\INVESTIGACION\OPENCV\FRAMEWORK2\OPENCV3\OPENCV3\Debug\link.8268.read.1.tlog
D:\Adiel\ECUADOR\INVESTIGACION\OPENCV\FRAMEWORK2\OPENCV3\OPENCV3\Debug\link.8268.write.1.tlog
D:\Adiel\ECUADOR\INVESTIGACION\OPENCV\FRAMEWORK2\OPENCV3\OPENCV3\Debug\link.8364-cvtres.read.1.tlog
D:\Adiel\ECUADOR\INVESTIGACION\OPENCV\FRAMEWORK2\OPENCV3\OPENCV3\Debug\link.8364-cvtres.write.1.tlog
D:\Adiel\ECUADOR\INVESTIGACION\OPENCV\FRAMEWORK2\OPENCV3\OPENCV3\Debug\link.8364-rc.read.1.tlog
D:\Adiel\ECUADOR\INVESTIGACION\OPENCV\FRAMEWORK2\OPENCV3\OPENCV3\Debug\link.8364-rc.write.1.tlog
D:\Adiel\ECUADOR\INVESTIGACION\OPENCV\FRAMEWORK2\OPENCV3\OPENCV3\Debug\link.8364.read.1.tlog
D:\Adiel\ECUADOR\INVESTIGACION\OPENCV\FRAMEWORK2\OPENCV3\OPENCV3\Debug\link.8364.write.1.tlog
D:\Adiel\ECUADOR\INVESTIGACION\OPENCV\FRAMEWORK2\OPENCV3\OPENCV3\Debug\link.8388-cvtres.read.1.tlog
D:\Adiel\ECUADOR\INVESTIGACION\OPENCV\FRAMEWORK2\OPENCV3\OPENCV3\Debug\link.8388-cvtres.write.1.tlog
D:\Adiel\ECUADOR\INVESTIGACION\OPENCV\FRAMEWORK2\OPENCV3\OPENCV3\Debug\link.8388-rc.read.1.tlog
D:\Adiel\ECUADOR\INVESTIGACION\OPENCV\FRAMEWORK2\OPENCV3\OPENCV3\Debug\link.8388-rc.write.1.tlog
D:\Adiel\ECUADOR\INVESTIGACION\OPENCV\FRAMEWORK2\OPENCV3\OPENCV3\Debug\link.8388.read.1.tlog
D:\Adiel\ECUADOR\INVESTIGACION\OPENCV\FRAMEWORK2\OPENCV3\OPENCV3\Debug\link.8388.write.1.tlog
D:\Adiel\ECUADOR\INVESTIGACION\OPENCV\FRAMEWORK2\OPENCV3\OPENCV3\Debug\link.8392-cvtres.read.1.tlog
D:\Adiel\ECUADOR\INVESTIGACION\OPENCV\FRAMEWORK2\OPENCV3\OPENCV3\Debug\link.8392-cvtres.write.1.tlog
D:\Adiel\ECUADOR\INVESTIGACION\OPENCV\FRAMEWORK2\OPENCV3\OPENCV3\Debug\link.8392-rc.read.1.tlog
D:\Adiel\ECUADOR\INVESTIGACION\OPENCV\FRAMEWORK2\OPENCV3\OPENCV3\Debug\link.8392-rc.write.1.tlog
D:\Adiel\ECUADOR\INVESTIGACION\OPENCV\FRAMEWORK2\OPENCV3\OPENCV3\Debug\link.8392.read.1.tlog
D:\Adiel\ECUADOR\INVESTIGACION\OPENCV\FRAMEWORK2\OPENCV3\OPENCV3\Debug\link.8392.write.1.tlog
D:\Adiel\ECUADOR\INVESTIGACION\OPENCV\FRAMEWORK2\OPENCV3\OPENCV3\Debug\link.8416-cvtres.read.1.tlog
D:\Adiel\ECUADOR\INVESTIGACION\OPENCV\FRAMEWORK2\OPENCV3\OPENCV3\Debug\link.8416-cvtres.write.1.tlog
D:\Adiel\ECUADOR\INVESTIGACION\OPENCV\FRAMEWORK2\OPENCV3\OPENCV3\Debug\link.8416-rc.read.1.tlog
D:\Adiel\ECUADOR\INVESTIGACION\OPENCV\FRAMEWORK2\OPENCV3\OPENCV3\Debug\link.8416-rc.write.1.tlog
D:\Adiel\ECUADOR\INVESTIGACION\OPENCV\FRAMEWORK2\OPENCV3\OPENCV3\Debug\link.8416.read.1.tlog
D:\Adiel\ECUADOR\INVESTIGACION\OPENCV\FRAMEWORK2\OPENCV3\OPENCV3\Debug\link.8416.write.1.tlog
D:\Adiel\ECUADOR\INVESTIGACION\OPENCV\FRAMEWORK2\OPENCV3\OPENCV3\Debug\link.8528-cvtres.read.1.tlog
D:\Adiel\ECUADOR\INVESTIGACION\OPENCV\FRAMEWORK2\OPENCV3\OPENCV3\Debug\link.8528-cvtres.write.1.tlog
D:\Adiel\ECUADOR\INVESTIGACION\OPENCV\FRAMEWORK2\OPENCV3\OPENCV3\Debug\link.8528-rc.read.1.tlog
D:\Adiel\ECUADOR\INVESTIGACION\OPENCV\FRAMEWORK2\OPENCV3\OPENCV3\Debug\link.8528-rc.write.1.tlog
D:\Adiel\ECUADOR\INVESTIGACION\OPENCV\FRAMEWORK2\OPENCV3\OPENCV3\Debug\link.8528.read.1.tlog
D:\Adiel\ECUADOR\INVESTIGACION\OPENCV\FRAMEWORK2\OPENCV3\OPENCV3\Debug\link.8528.write.1.tlog
D:\Adiel\ECUADOR\INVESTIGACION\OPENCV\FRAMEWORK2\OPENCV3\OPENCV3\Debug\link.8588-cvtres.read.1.tlog
D:\Adiel\ECUADOR\INVESTIGACION\OPENCV\FRAMEWORK2\OPENCV3\OPENCV3\Debug\link.8588-cvtres.write.1.tlog
D:\Adiel\ECUADOR\INVESTIGACION\OPENCV\FRAMEWORK2\OPENCV3\OPENCV3\Debug\link.8588-rc.read.1.tlog
D:\Adiel\ECUADOR\INVESTIGACION\OPENCV\FRAMEWORK2\OPENCV3\OPENCV3\Debug\link.8588-rc.write.1.tlog
D:\Adiel\ECUADOR\INVESTIGACION\OPENCV\FRAMEWORK2\OPENCV3\OPENCV3\Debug\link.8588.read.1.tlog
D:\Adiel\ECUADOR\INVESTIGACION\OPENCV\FRAMEWORK2\OPENCV3\OPENCV3\Debug\link.8588.write.1.tlog
D:\Adiel\ECUADOR\INVESTIGACION\OPENCV\FRAMEWORK2\OPENCV3\OPENCV3\Debug\link.8604-cvtres.read.1.tlog
D:\Adiel\ECUADOR\INVESTIGACION\OPENCV\FRAMEWORK2\OPENCV3\OPENCV3\Debug\link.8604-cvtres.write.1.tlog
D:\Adiel\ECUADOR\INVESTIGACION\OPENCV\FRAMEWORK2\OPENCV3\OPENCV3\Debug\link.8604-rc.read.1.tlog
D:\Adiel\ECUADOR\INVESTIGACION\OPENCV\FRAMEWORK2\OPENCV3\OPENCV3\Debug\link.8604-rc.write.1.tlog
D:\Adiel\ECUADOR\INVESTIGACION\OPENCV\FRAMEWORK2\OPENCV3\OPENCV3\Debug\link.8604.read.1.tlog
D:\Adiel\ECUADOR\INVESTIGACION\OPENCV\FRAMEWORK2\OPENCV3\OPENCV3\Debug\link.8604.write.1.tlog
D:\Adiel\ECUADOR\INVESTIGACION\OPENCV\FRAMEWORK2\OPENCV3\OPENCV3\Debug\link.8636-cvtres.read.1.tlog
D:\Adiel\ECUADOR\INVESTIGACION\OPENCV\FRAMEWORK2\OPENCV3\OPENCV3\Debug\link.8636-cvtres.write.1.tlog
D:\Adiel\ECUADOR\INVESTIGACION\OPENCV\FRAMEWORK2\OPENCV3\OPENCV3\Debug\link.8636-rc.read.1.tlog
D:\Adiel\ECUADOR\INVESTIGACION\OPENCV\FRAMEWORK2\OPENCV3\OPENCV3\Debug\link.8636-rc.write.1.tlog
D:\Adiel\ECUADOR\INVESTIGACION\OPENCV\FRAMEWORK2\OPENCV3\OPENCV3\Debug\link.8636.read.1.tlog
D:\Adiel\ECUADOR\INVESTIGACION\OPENCV\FRAMEWORK2\OPENCV3\OPENCV3\Debug\link.8636.write.1.tlog
D:\Adiel\ECUADOR\INVESTIGACION\OPENCV\FRAMEWORK2\OPENCV3\OPENCV3\Debug\link.8676-cvtres.read.1.tlog
D:\Adiel\ECUADOR\INVESTIGACION\OPENCV\FRAMEWORK2\OPENCV3\OPENCV3\Debug\link.8676-cvtres.write.1.tlog
D:\Adiel\ECUADOR\INVESTIGACION\OPENCV\FRAMEWORK2\OPENCV3\OPENCV3\Debug\link.8676-rc.read.1.tlog
D:\Adiel\ECUADOR\INVESTIGACION\OPENCV\FRAMEWORK2\OPENCV3\OPENCV3\Debug\link.8676-rc.write.1.tlog
D:\Adiel\ECUADOR\INVESTIGACION\OPENCV\FRAMEWORK2\OPENCV3\OPENCV3\Debug\link.8676.read.1.tlog
D:\Adiel\ECUADOR\INVESTIGACION\OPENCV\FRAMEWORK2\OPENCV3\OPENCV3\Debug\link.8676.write.1.tlog
D:\Adiel\ECUADOR\INVESTIGACION\OPENCV\FRAMEWORK2\OPENCV3\OPENCV3\Debug\link.8700-cvtres.read.1.tlog
D:\Adiel\ECUADOR\INVESTIGACION\OPENCV\FRAMEWORK2\OPENCV3\OPENCV3\Debug\link.8700-cvtres.write.1.tlog
D:\Adiel\ECUADOR\INVESTIGACION\OPENCV\FRAMEWORK2\OPENCV3\OPENCV3\Debug\link.8700-rc.read.1.tlog
D:\Adiel\ECUADOR\INVESTIGACION\OPENCV\FRAMEWORK2\OPENCV3\OPENCV3\Debug\link.8700-rc.write.1.tlog
D:\Adiel\ECUADOR\INVESTIGACION\OPENCV\FRAMEWORK2\OPENCV3\OPENCV3\Debug\link.8700.read.1.tlog
D:\Adiel\ECUADOR\INVESTIGACION\OPENCV\FRAMEWORK2\OPENCV3\OPENCV3\Debug\link.8700.write.1.tlog
D:\Adiel\ECUADOR\INVESTIGACION\OPENCV\FRAMEWORK2\OPENCV3\OPENCV3\Debug\link.8732-cvtres.read.1.tlog
D:\Adiel\ECUADOR\INVESTIGACION\OPENCV\FRAMEWORK2\OPENCV3\OPENCV3\Debug\link.8732-cvtres.write.1.tlog
D:\Adiel\ECUADOR\INVESTIGACION\OPENCV\FRAMEWORK2\OPENCV3\OPENCV3\Debug\link.8732-rc.read.1.tlog
D:\Adiel\ECUADOR\INVESTIGACION\OPENCV\FRAMEWORK2\OPENCV3\OPENCV3\Debug\link.8732-rc.write.1.tlog
D:\Adiel\ECUADOR\INVESTIGACION\OPENCV\FRAMEWORK2\OPENCV3\OPENCV3\Debug\link.8732.read.1.tlog
D:\Adiel\ECUADOR\INVESTIGACION\OPENCV\FRAMEWORK2\OPENCV3\OPENCV3\Debug\link.8732.write.1.tlog
D:\Adiel\ECUADOR\INVESTIGACION\OPENCV\FRAMEWORK2\OPENCV3\OPENCV3\Debug\link.8796-cvtres.read.1.tlog
D:\Adiel\ECUADOR\INVESTIGACION\OPENCV\FRAMEWORK2\OPENCV3\OPENCV3\Debug\link.8796-cvtres.write.1.tlog
D:\Adiel\ECUADOR\INVESTIGACION\OPENCV\FRAMEWORK2\OPENCV3\OPENCV3\Debug\link.8796-rc.read.1.tlog
D:\Adiel\ECUADOR\INVESTIGACION\OPENCV\FRAMEWORK2\OPENCV3\OPENCV3\Debug\link.8796-rc.write.1.tlog
D:\Adiel\ECUADOR\INVESTIGACION\OPENCV\FRAMEWORK2\OPENCV3\OPENCV3\Debug\link.8796.read.1.tlog
D:\Adiel\ECUADOR\INVESTIGACION\OPENCV\FRAMEWORK2\OPENCV3\OPENCV3\Debug\link.8796.write.1.tlog
D:\Adiel\ECUADOR\INVESTIGACION\OPENCV\FRAMEWORK2\OPENCV3\OPENCV3\Debug\link.8836-cvtres.read.1.tlog
D:\Adiel\ECUADOR\INVESTIGACION\OPENCV\FRAMEWORK2\OPENCV3\OPENCV3\Debug\link.8836-cvtres.write.1.tlog
D:\Adiel\ECUADOR\INVESTIGACION\OPENCV\FRAMEWORK2\OPENCV3\OPENCV3\Debug\link.8836-rc.read.1.tlog
D:\Adiel\ECUADOR\INVESTIGACION\OPENCV\FRAMEWORK2\OPENCV3\OPENCV3\Debug\link.8836-rc.write.1.tlog
D:\Adiel\ECUADOR\INVESTIGACION\OPENCV\FRAMEWORK2\OPENCV3\OPENCV3\Debug\link.8836.read.1.tlog
D:\Adiel\ECUADOR\INVESTIGACION\OPENCV\FRAMEWORK2\OPENCV3\OPENCV3\Debug\link.8836.write.1.tlog
D:\Adiel\ECUADOR\INVESTIGACION\OPENCV\FRAMEWORK2\OPENCV3\OPENCV3\Debug\link.8928-cvtres.read.1.tlog
D:\Adiel\ECUADOR\INVESTIGACION\OPENCV\FRAMEWORK2\OPENCV3\OPENCV3\Debug\link.8928-cvtres.write.1.tlog
D:\Adiel\ECUADOR\INVESTIGACION\OPENCV\FRAMEWORK2\OPENCV3\OPENCV3\Debug\link.8928-rc.read.1.tlog
D:\Adiel\ECUADOR\INVESTIGACION\OPENCV\FRAMEWORK2\OPENCV3\OPENCV3\Debug\link.8928-rc.write.1.tlog
D:\Adiel\ECUADOR\INVESTIGACION\OPENCV\FRAMEWORK2\OPENCV3\OPENCV3\Debug\link.8928.read.1.tlog
D:\Adiel\ECUADOR\INVESTIGACION\OPENCV\FRAMEWORK2\OPENCV3\OPENCV3\Debug\link.8928.write.1.tlog
D:\Adiel\ECUADOR\INVESTIGACION\OPENCV\FRAMEWORK2\OPENCV3\OPENCV3\Debug\link.8972-cvtres.read.1.tlog
D:\Adiel\ECUADOR\INVESTIGACION\OPENCV\FRAMEWORK2\OPENCV3\OPENCV3\Debug\link.8972-cvtres.write.1.tlog
D:\Adiel\ECUADOR\INVESTIGACION\OPENCV\FRAMEWORK2\OPENCV3\OPENCV3\Debug\link.8972-rc.read.1.tlog
D:\Adiel\ECUADOR\INVESTIGACION\OPENCV\FRAMEWORK2\OPENCV3\OPENCV3\Debug\link.8972-rc.write.1.tlog
D:\Adiel\ECUADOR\INVESTIGACION\OPENCV\FRAMEWORK2\OPENCV3\OPENCV3\Debug\link.8972.read.1.tlog
D:\Adiel\ECUADOR\INVESTIGACION\OPENCV\FRAMEWORK2\OPENCV3\OPENCV3\Debug\link.8972.write.1.tlog
D:\Adiel\ECUADOR\INVESTIGACION\OPENCV\FRAMEWORK2\OPENCV3\OPENCV3\Debug\link.9016-cvtres.read.1.tlog
D:\Adiel\ECUADOR\INVESTIGACION\OPENCV\FRAMEWORK2\OPENCV3\OPENCV3\Debug\link.9016-cvtres.write.1.tlog
D:\Adiel\ECUADOR\INVESTIGACION\OPENCV\FRAMEWORK2\OPENCV3\OPENCV3\Debug\link.9016-rc.read.1.tlog
D:\Adiel\ECUADOR\INVESTIGACION\OPENCV\FRAMEWORK2\OPENCV3\OPENCV3\Debug\link.9016-rc.write.1.tlog
D:\Adiel\ECUADOR\INVESTIGACION\OPENCV\FRAMEWORK2\OPENCV3\OPENCV3\Debug\link.9016.read.1.tlog
D:\Adiel\ECUADOR\INVESTIGACION\OPENCV\FRAMEWORK2\OPENCV3\OPENCV3\Debug\link.9016.write.1.tlog
D:\Adiel\ECUADOR\INVESTIGACION\OPENCV\FRAMEWORK2\OPENCV3\OPENCV3\Debug\link.9072-cvtres.read.1.tlog
D:\Adiel\ECUADOR\INVESTIGACION\OPENCV\FRAMEWORK2\OPENCV3\OPENCV3\Debug\link.9072-cvtres.write.1.tlog
D:\Adiel\ECUADOR\INVESTIGACION\OPENCV\FRAMEWORK2\OPENCV3\OPENCV3\Debug\link.9072-rc.read.1.tlog
D:\Adiel\ECUADOR\INVESTIGACION\OPENCV\FRAMEWORK2\OPENCV3\OPENCV3\Debug\link.9072-rc.write.1.tlog
D:\Adiel\ECUADOR\INVESTIGACION\OPENCV\FRAMEWORK2\OPENCV3\OPENCV3\Debug\link.9072.read.1.tlog
D:\Adiel\ECUADOR\INVESTIGACION\OPENCV\FRAMEWORK2\OPENCV3\OPENCV3\Debug\link.9072.write.1.tlog
D:\Adiel\ECUADOR\INVESTIGACION\OPENCV\FRAMEWORK2\OPENCV3\OPENCV3\Debug\link.9108-cvtres.read.1.tlog
D:\Adiel\ECUADOR\INVESTIGACION\OPENCV\FRAMEWORK2\OPENCV3\OPENCV3\Debug\link.9108-cvtres.write.1.tlog
D:\Adiel\ECUADOR\INVESTIGACION\OPENCV\FRAMEWORK2\OPENCV3\OPENCV3\Debug\link.9108-rc.read.1.tlog
D:\Adiel\ECUADOR\INVESTIGACION\OPENCV\FRAMEWORK2\OPENCV3\OPENCV3\Debug\link.9108-rc.write.1.tlog
D:\Adiel\ECUADOR\INVESTIGACION\OPENCV\FRAMEWORK2\OPENCV3\OPENCV3\Debug\link.9108.read.1.tlog
D:\Adiel\ECUADOR\INVESTIGACION\OPENCV\FRAMEWORK2\OPENCV3\OPENCV3\Debug\link.9108.write.1.tlog
D:\Adiel\ECUADOR\INVESTIGACION\OPENCV\FRAMEWORK2\OPENCV3\OPENCV3\Debug\link.9212-cvtres.read.1.tlog
D:\Adiel\ECUADOR\INVESTIGACION\OPENCV\FRAMEWORK2\OPENCV3\OPENCV3\Debug\link.9212-cvtres.write.1.tlog
D:\Adiel\ECUADOR\INVESTIGACION\OPENCV\FRAMEWORK2\OPENCV3\OPENCV3\Debug\link.9212-rc.read.1.tlog
D:\Adiel\ECUADOR\INVESTIGACION\OPENCV\FRAMEWORK2\OPENCV3\OPENCV3\Debug\link.9212-rc.write.1.tlog
D:\Adiel\ECUADOR\INVESTIGACION\OPENCV\FRAMEWORK2\OPENCV3\OPENCV3\Debug\link.9212.read.1.tlog
D:\Adiel\ECUADOR\INVESTIGACION\OPENCV\FRAMEWORK2\OPENCV3\OPENCV3\Debug\link.9212.write.1.tlog
D:\Adiel\ECUADOR\INVESTIGACION\OPENCV\FRAMEWORK2\OPENCV3\OPENCV3\Debug\link.command.1.tlog
D:\Adiel\ECUADOR\INVESTIGACION\OPENCV\FRAMEWORK2\OPENCV3\OPENCV3\Debug\link.read.1.tlog
D:\Adiel\ECUADOR\INVESTIGACION\OPENCV\FRAMEWORK2\OPENCV3\OPENCV3\Debug\link.write.1.tlog
D:\Adiel\ECUADOR\INVESTIGACION\OPENCV\FRAMEWORK2\OPENCV3\OPENCV3\Debug\metagen.read.1.tlog
D:\Adiel\ECUADOR\INVESTIGACION\OPENCV\FRAMEWORK2\OPENCV3\OPENCV3\Debug\metagen.write.1.tlog
D:\Adiel\ECUADOR\INVESTIGACION\OPENCV\FRAMEWORK2\OPENCV3\OPENCV3\Debug\rc.command.1.tlog
D:\Adiel\ECUADOR\INVESTIGACION\OPENCV\FRAMEWORK2\OPENCV3\OPENCV3\Debug\rc.read.1.tlog
D:\Adiel\ECUADOR\INVESTIGACION\OPENCV\FRAMEWORK2\OPENCV3\OPENCV3\Debug\rc.write.1.tlog
D:\Adiel\ECUADOR\INVESTIGACION\OPENCV\FRAMEWORK2\OPENCV3\OPENCV3\Debug\app.res
D:\Adiel\ECUADOR\INVESTIGACION\OPENCV\FRAMEWORK2\OPENCV3\OPENCV3\Debug\OPENCV3.pch
D:\Adiel\ECUADOR\INVESTIGACION\OPENCV\FRAMEWORK2\OPENCV3\OPENCV3\Debug\vc110.pdb
D:\Adiel\ECUADOR\INVESTIGACION\OPENCV\FRAMEWORK2\OPENCV3\OPENCV3\Debug\RSAENH.DLL.bi
D:\Adiel\ECUADOR\INVESTIGACION\OPENCV\FRAMEWORK2\OPENCV3\OPENCV3\Debug\TZRES.DLL.bi
D:\Adiel\ECUADOR\INVESTIGACION\OPENCV\FRAMEWORK2\OPENCV3\Debug\OPENCV3.pdb
D:\Adiel\ECUADOR\INVESTIGACION\OPENCV\FRAMEWORK2\OPENCV3\Debug\OPENCV3.exe
D:\Adiel\ECUADOR\INVESTIGACION\OPENCV\FRAMEWORK2\OPENCV3\Debug\OPENCV3.ilk
